Arguments: 
  /home/sander/.nvm/versions/node/v14.14.0/bin/node /usr/share/yarn/bin/yarn.js init

PATH: 
  /home/sander/.nvm/versions/node/v14.14.0/bin:/home/sander/.cargo/bin:/home/sander/.deno/bin:/home/sander/.cargo/bin:/home/sander/.local/bin:/usr/local/sbin:/usr/local/bin:/usr/sbin:/usr/bin:/sbin:/bin:/usr/games:/usr/local/games:/snap/bin:/home/sander/.yarn/bin

Yarn version: 
  1.22.5

Node version: 
  14.14.0

Platform: 
  linux x64

Trace: 
  Error: canceled
      at Interface.<anonymous> (/usr/share/yarn/lib/cli.js:137009:13)
      at Interface.emit (events.js:315:20)
      at Interface._ttyWrite (readline.js:875:16)
      at ReadStream.onkeypress (readline.js:213:10)
      at ReadStream.emit (events.js:315:20)
      at emitKeys (internal/readline/utils.js:345:14)
      at emitKeys.next (<anonymous>)
      at ReadStream.onData (readline.js:1144:36)
      at ReadStream.emit (events.js:315:20)
      at addChunk (_stream_readable.js:309:12)

npm manifest: 
  {
    "name": "asyncmatters",
    "version": "1.0.0",
    "main": "obe.js",
    "author": "sanderelias <sanderelias+git@gmail.com>",
    "license": "MIT",
    "private": true,
    "module": "one"
  }

yarn manifest: 
  No manifest

Lockfile: 
  No lockfile
